2017-01-23 21:42:30,905 [Worker-70] INFO  o.e.m.c.i.l.LifecycleMappingFactory - Using org.eclipse.m2e.jdt.JarLifecycleMapping lifecycle mapping for MavenProject: kiyeon:kiyeonJava:1.0-SNAPSHOT @ /Users/kiyeonee/kiyeonJava/pom.xml.
2017-01-23 21:42:31,831 [Worker-70] INFO  o.e.m.j.i.AbstractJavaProjectConfigurator - Adding source folder /kiyeonJava/src/main/java
2017-01-23 21:42:31,833 [Worker-70] INFO  o.e.m.j.i.AbstractJavaProjectConfigurator - Adding source folder /kiyeonJava/src/test/java
2017-01-23 21:42:31,910 [Worker-70] INFO  o.e.m.c.i.p.ProjectConfigurationManager - Imported and configured 1 project(s) in 2 sec
2017-01-23 21:42:32,224 [Worker-65] INFO  o.e.m.c.i.embedder.EclipseLogger - Using 'UTF-8' encoding to copy filtered resources.
2017-01-23 21:42:32,225 [Worker-65] INFO  o.e.m.c.i.embedder.EclipseLogger - skip non existing resourceDirectory /Users/kiyeonee/kiyeonJava/src/main/resources
2017-01-23 21:42:32,228 [Worker-65] INFO  o.e.m.c.i.embedder.EclipseLogger - Using 'UTF-8' encoding to copy filtered resources.
2017-01-23 21:42:32,229 [Worker-65] INFO  o.e.m.c.i.embedder.EclipseLogger - skip non existing resourceDirectory /Users/kiyeonee/kiyeonJava/src/test/resources
2017-01-24 14:57:39,717 [Worker-24] WARN  o.e.m.c.i.markers.MarkerUtils - Could not find OSGI service for org.eclipse.m2e.core.internal.markers.IEditorMarkerService
2017-01-24 14:57:39,828 [Worker-24] INFO  o.e.m.c.i.l.LifecycleMappingFactory - Using DEFAULT lifecycle mapping for MavenProject: kiyeonJava:kiyeon:1.0-SNAPSHOT @ /Users/kiyeonee/kiyeon/pom.xml.
2017-01-24 14:57:39,830 [Worker-24] WARN  o.e.m.c.i.markers.MarkerUtils - Could not find OSGI service for org.eclipse.m2e.core.internal.markers.IMarkerLocationService
2017-01-24 14:57:39,832 [Worker-24] WARN  o.e.m.c.i.markers.MarkerUtils - Could not find OSGI service for org.eclipse.m2e.core.internal.markers.IMarkerLocationService
2017-01-24 14:57:39,833 [Worker-24] WARN  o.e.m.c.i.markers.MarkerUtils - Could not find OSGI service for org.eclipse.m2e.core.internal.markers.IMarkerLocationService
2017-01-24 14:57:39,834 [Worker-24] WARN  o.e.m.c.i.markers.MarkerUtils - Could not find OSGI service for org.eclipse.m2e.core.internal.markers.IMarkerLocationService
2017-01-24 14:57:39,954 [Worker-24] INFO  o.e.m.c.i.p.ProjectConfigurationManager - Imported and configured 1 project(s) in 0 sec
2017-01-24 15:00:24,235 [Worker-22] WARN  o.e.m.c.i.markers.MarkerUtils - Could not find OSGI service for org.eclipse.m2e.core.internal.markers.IEditorMarkerService
2017-01-24 15:00:24,269 [Worker-22] INFO  o.e.m.c.i.l.LifecycleMappingFactory - Using DEFAULT lifecycle mapping for MavenProject: kiyeonJava:kiyeon:1.0-SNAPSHOT @ /Users/kiyeonee/kiyeon/pom.xml.
2017-01-24 15:00:24,270 [Worker-22] WARN  o.e.m.c.i.markers.MarkerUtils - Could not find OSGI service for org.eclipse.m2e.core.internal.markers.IMarkerLocationService
2017-01-24 15:00:24,270 [Worker-22] WARN  o.e.m.c.i.markers.MarkerUtils - Could not find OSGI service for org.eclipse.m2e.core.internal.markers.IMarkerLocationService
2017-01-24 15:00:24,271 [Worker-22] WARN  o.e.m.c.i.markers.MarkerUtils - Could not find OSGI service for org.eclipse.m2e.core.internal.markers.IMarkerLocationService
2017-01-24 15:00:24,273 [Worker-22] WARN  o.e.m.c.i.markers.MarkerUtils - Could not find OSGI service for org.eclipse.m2e.core.internal.markers.IMarkerLocationService
2017-01-24 15:01:42,538 [Worker-72] WARN  o.e.m.c.i.markers.MarkerUtils - Could not find OSGI service for org.eclipse.m2e.core.internal.markers.IEditorMarkerService
2017-01-24 15:01:42,576 [Worker-72] INFO  o.e.m.c.i.l.LifecycleMappingFactory - Using DEFAULT lifecycle mapping for MavenProject: kiyeonJava:kiyeon:1.0-SNAPSHOT @ /Users/kiyeonee/kiyeon/pom.xml.
2017-01-24 15:01:42,577 [Worker-72] WARN  o.e.m.c.i.markers.MarkerUtils - Could not find OSGI service for org.eclipse.m2e.core.internal.markers.IMarkerLocationService
2017-01-24 15:01:42,578 [Worker-72] WARN  o.e.m.c.i.markers.MarkerUtils - Could not find OSGI service for org.eclipse.m2e.core.internal.markers.IMarkerLocationService
2017-01-24 15:01:42,579 [Worker-72] WARN  o.e.m.c.i.markers.MarkerUtils - Could not find OSGI service for org.eclipse.m2e.core.internal.markers.IMarkerLocationService
2017-01-24 15:01:42,580 [Worker-72] WARN  o.e.m.c.i.markers.MarkerUtils - Could not find OSGI service for org.eclipse.m2e.core.internal.markers.IMarkerLocationService
2017-01-24 15:51:35,637 [Worker-89] WARN  o.e.m.c.i.markers.MarkerUtils - Could not find OSGI service for org.eclipse.m2e.core.internal.markers.IEditorMarkerService
2017-01-24 15:51:35,687 [Worker-89] INFO  o.e.m.c.i.l.LifecycleMappingFactory - Using DEFAULT lifecycle mapping for MavenProject: kiyeonJava:kiyeon:1.0-SNAPSHOT @ /Users/kiyeonee/kiyeon/pom.xml.
2017-01-24 15:51:35,689 [Worker-89] WARN  o.e.m.c.i.markers.MarkerUtils - Could not find OSGI service for org.eclipse.m2e.core.internal.markers.IMarkerLocationService
2017-01-24 15:51:35,690 [Worker-89] WARN  o.e.m.c.i.markers.MarkerUtils - Could not find OSGI service for org.eclipse.m2e.core.internal.markers.IMarkerLocationService
2017-01-24 15:51:35,691 [Worker-89] WARN  o.e.m.c.i.markers.MarkerUtils - Could not find OSGI service for org.eclipse.m2e.core.internal.markers.IMarkerLocationService
2017-01-24 15:51:35,692 [Worker-89] WARN  o.e.m.c.i.markers.MarkerUtils - Could not find OSGI service for org.eclipse.m2e.core.internal.markers.IMarkerLocationService
2017-01-24 15:57:43,387 [Worker-94] INFO  o.e.m.c.i.p.ProjectConfigurationManager - Update started
2017-01-24 15:57:43,395 [Worker-94] WARN  o.e.m.c.i.markers.MarkerUtils - Could not find OSGI service for org.eclipse.m2e.core.internal.markers.IEditorMarkerService
2017-01-24 15:57:43,427 [Worker-94] INFO  o.e.m.c.i.l.LifecycleMappingFactory - Using DEFAULT lifecycle mapping for MavenProject: kiyeonJava:kiyeon:1.0-SNAPSHOT @ /Users/kiyeonee/kiyeon/pom.xml.
2017-01-24 15:57:43,427 [Worker-94] WARN  o.e.m.c.i.markers.MarkerUtils - Could not find OSGI service for org.eclipse.m2e.core.internal.markers.IMarkerLocationService
2017-01-24 15:57:43,428 [Worker-94] WARN  o.e.m.c.i.markers.MarkerUtils - Could not find OSGI service for org.eclipse.m2e.core.internal.markers.IMarkerLocationService
2017-01-24 15:57:43,429 [Worker-94] WARN  o.e.m.c.i.markers.MarkerUtils - Could not find OSGI service for org.eclipse.m2e.core.internal.markers.IMarkerLocationService
2017-01-24 15:57:43,429 [Worker-94] WARN  o.e.m.c.i.markers.MarkerUtils - Could not find OSGI service for org.eclipse.m2e.core.internal.markers.IMarkerLocationService
2017-01-24 15:57:43,499 [Worker-94] INFO  o.e.m.c.i.p.ProjectConfigurationManager - Update completed: 0 sec
2017-01-24 15:58:59,355 [Worker-95] WARN  o.e.m.c.i.markers.MarkerUtils - Could not find OSGI service for org.eclipse.m2e.core.internal.markers.IEditorMarkerService
2017-01-24 15:58:59,378 [Worker-95] INFO  o.e.m.c.i.l.LifecycleMappingFactory - Using DEFAULT lifecycle mapping for MavenProject: kiyeonJava:kiyeon:1.0-SNAPSHOT @ /Users/kiyeonee/kiyeon/pom.xml.
2017-01-24 15:58:59,379 [Worker-95] WARN  o.e.m.c.i.markers.MarkerUtils - Could not find OSGI service for org.eclipse.m2e.core.internal.markers.IMarkerLocationService
2017-01-24 15:58:59,380 [Worker-95] WARN  o.e.m.c.i.markers.MarkerUtils - Could not find OSGI service for org.eclipse.m2e.core.internal.markers.IMarkerLocationService
2017-01-24 15:58:59,381 [Worker-95] WARN  o.e.m.c.i.markers.MarkerUtils - Could not find OSGI service for org.eclipse.m2e.core.internal.markers.IMarkerLocationService
2017-01-24 15:58:59,382 [Worker-95] WARN  o.e.m.c.i.markers.MarkerUtils - Could not find OSGI service for org.eclipse.m2e.core.internal.markers.IMarkerLocationService
2017-01-24 15:59:00,861 [Worker-95] INFO  o.e.m.c.i.e.AbstractTransferListenerAdapter - Downloaded https://repo.maven.apache.org/maven2/org/apache/maven/plugins/maven-resources-plugin/3.3.9/maven-resources-plugin-3.3.9.pom
2017-01-24 15:59:00,864 [Worker-95] WARN  o.e.m.c.i.embedder.EclipseLogger - The POM for org.apache.maven.plugins:maven-resources-plugin:jar:3.3.9 is missing, no dependency information available
2017-01-24 15:59:01,766 [Worker-95] INFO  o.e.m.c.i.e.AbstractTransferListenerAdapter - Downloaded https://repo.maven.apache.org/maven2/org/apache/maven/plugins/maven-resources-plugin/3.3.9/maven-resources-plugin-3.3.9.jar
2017-01-24 15:59:01,769 [Worker-95] WARN  o.e.m.c.i.markers.MarkerUtils - Could not find OSGI service for org.eclipse.m2e.core.internal.markers.IMarkerLocationService
